<?xml version="1.0" encoding="UTF-8"?>
<testng-results ignored="0" total="1" passed="1" failed="0" skipped="0">
  <reporter-output>
  </reporter-output>
  <suite started-at="2023-08-25T17:41:31 EDT" name="Default suite" finished-at="2023-08-25T17:41:52 EDT" duration-ms="20980">
    <groups>
    </groups>
    <test started-at="2023-08-25T17:41:31 EDT" name="Default test" finished-at="2023-08-25T17:41:52 EDT" duration-ms="20980">
      <class name="oodo.OodoLogin">
        <test-method signature="logintest()[pri:0, instance:oodo.OodoLogin@3b77a04f]" started-at="2023-08-25T17:41:31 EDT" name="logintest" finished-at="2023-08-25T17:41:52 EDT" duration-ms="20966" status="PASS">
          <reporter-output>
          </reporter-output>
        </test-method> <!-- logintest -->
      </class> <!-- oodo.OodoLogin -->
    </test> <!-- Default test -->
  </suite> <!-- Default suite -->
</testng-results>
